[debug] [2025-04-18T13:25:06.441Z] ----------------------------------------------------------------------
[debug] [2025-04-18T13:25:06.449Z] Command:       C:\Program Files\nodejs\node.exe C:\Users\WANG\AppData\Roaming\npm\node_modules\firebase-tools\lib\bin\firebase.js emulators:start
[debug] [2025-04-18T13:25:06.450Z] CLI Version:   13.29.1
[debug] [2025-04-18T13:25:06.451Z] Platform:      win32
[debug] [2025-04-18T13:25:06.452Z] Node Version:  v22.12.0
[debug] [2025-04-18T13:25:06.452Z] Time:          Fri Apr 18 2025 21:25:06 GMT+0800 (Singapore Standard Time)
[debug] [2025-04-18T13:25:06.453Z] ----------------------------------------------------------------------
[debug] 
[debug] [2025-04-18T13:25:06.617Z] > command requires scopes: ["email","openid","https://www.googleapis.com/auth/cloudplatformprojects.readonly","https://www.googleapis.com/auth/firebase","https://www.googleapis.com/auth/cloud-platform"]
[debug] [2025-04-18T13:25:06.618Z] > authorizing via signed-in user (joshuacantacruzada23@gmail.com)
[info] i  emulators: Starting emulators: functions, hosting, extensions {"metadata":{"emulator":{"name":"hub"},"message":"Starting emulators: functions, hosting, extensions"}}
[debug] [2025-04-18T13:25:06.631Z] Checked if tokens are valid: true, expires at: 1744985835304
[debug] [2025-04-18T13:25:06.631Z] Checked if tokens are valid: true, expires at: 1744985835304
[debug] [2025-04-18T13:25:06.637Z] >>> [apiv2][query] GET https://cloudresourcemanager.googleapis.com/v1/projects/delhai-database [none]
[debug] [2025-04-18T13:25:09.243Z] <<< [apiv2][status] GET https://cloudresourcemanager.googleapis.com/v1/projects/delhai-database 200
[debug] [2025-04-18T13:25:09.243Z] <<< [apiv2][body] GET https://cloudresourcemanager.googleapis.com/v1/projects/delhai-database {"projectNumber":"719302477505","projectId":"delhai-database","lifecycleState":"ACTIVE","name":"Delhai-Database","labels":{"firebase":"enabled"},"createTime":"2024-09-09T05:31:31.902722Z"}
[debug] [2025-04-18T13:25:09.263Z] [logging] Logging Emulator only supports listening on one address (127.0.0.1). Not listening on ::1
[debug] [2025-04-18T13:25:09.263Z] [hosting] Hosting Emulator only supports listening on one address (127.0.0.1). Not listening on ::1
[debug] [2025-04-18T13:25:09.264Z] assigned listening specs for emulators {"user":{"hub":[{"address":"127.0.0.1","family":"IPv4","port":4400},{"address":"::1","family":"IPv6","port":4400}],"ui":[{"address":"127.0.0.1","family":"IPv4","port":4000},{"address":"::1","family":"IPv6","port":4000}],"logging":[{"address":"127.0.0.1","family":"IPv4","port":4500}],"hosting":[{"address":"127.0.0.1","family":"IPv4","port":5000}]},"metadata":{"message":"assigned listening specs for emulators"}}
[debug] [2025-04-18T13:25:09.273Z] [hub] writing locator at C:\Users\WANG\AppData\Local\Temp\hub-delhai-database.json
[debug] [2025-04-18T13:25:09.337Z] [Extensions] Started Extensions emulator, this is a noop.
[debug] [2025-04-18T13:25:09.406Z] [functions] Functions Emulator only supports listening on one address (127.0.0.1). Not listening on ::1
[debug] [2025-04-18T13:25:09.407Z] [eventarc] Eventarc Emulator only supports listening on one address (127.0.0.1). Not listening on ::1
[debug] [2025-04-18T13:25:09.408Z] [tasks] Cloud Tasks Emulator only supports listening on one address (127.0.0.1). Not listening on ::1
[debug] [2025-04-18T13:25:09.408Z] late-assigned ports for functions and eventarc emulators {"user":{"hub":[{"address":"127.0.0.1","family":"IPv4","port":4400},{"address":"::1","family":"IPv6","port":4400}],"ui":[{"address":"127.0.0.1","family":"IPv4","port":4000},{"address":"::1","family":"IPv6","port":4000}],"logging":[{"address":"127.0.0.1","family":"IPv4","port":4500}],"hosting":[{"address":"127.0.0.1","family":"IPv4","port":5000}],"functions":[{"address":"127.0.0.1","family":"IPv4","port":5001}],"eventarc":[{"address":"127.0.0.1","family":"IPv4","port":9299}],"tasks":[{"address":"127.0.0.1","family":"IPv4","port":9499}]},"metadata":{"message":"late-assigned ports for functions and eventarc emulators"}}
[warn] !  functions: The following emulators are not running, calls to these services from the Functions emulator will affect production: apphosting, auth, firestore, database, pubsub, storage, dataconnect {"metadata":{"emulator":{"name":"functions"},"message":"The following emulators are not running, calls to these services from the Functions emulator will affect production: \u001b[1mapphosting, auth, firestore, database, pubsub, storage, dataconnect\u001b[22m"}}
[debug] [2025-04-18T13:25:09.445Z] defaultcredentials: writing to file C:\Users\WANG\AppData\Roaming\firebase\joshuacantacruzada23_gmail_com_application_default_credentials.json
[debug] [2025-04-18T13:25:09.573Z] Setting GAC to C:\Users\WANG\AppData\Roaming\firebase\joshuacantacruzada23_gmail_com_application_default_credentials.json {"metadata":{"emulator":{"name":"functions"},"message":"Setting GAC to C:\\Users\\WANG\\AppData\\Roaming\\firebase\\joshuacantacruzada23_gmail_com_application_default_credentials.json"}}
[debug] [2025-04-18T13:25:09.575Z] Checked if tokens are valid: true, expires at: 1744985835304
[debug] [2025-04-18T13:25:09.575Z] Checked if tokens are valid: true, expires at: 1744985835304
[debug] [2025-04-18T13:25:09.575Z] >>> [apiv2][query] GET https://firebase.googleapis.com/v1beta1/projects/delhai-database/adminSdkConfig [none]
[debug] [2025-04-18T13:25:13.326Z] <<< [apiv2][status] GET https://firebase.googleapis.com/v1beta1/projects/delhai-database/adminSdkConfig 200
[debug] [2025-04-18T13:25:13.327Z] <<< [apiv2][body] GET https://firebase.googleapis.com/v1beta1/projects/delhai-database/adminSdkConfig {"projectId":"delhai-database","databaseURL":"https://delhai-database-default-rtdb.firebaseio.com","storageBucket":"delhai-database.appspot.com","locationId":"us-central"}
[debug] [2025-04-18T13:25:13.418Z] Checked if tokens are valid: true, expires at: 1744985835304
[debug] [2025-04-18T13:25:13.419Z] Checked if tokens are valid: true, expires at: 1744985835304
[debug] [2025-04-18T13:25:13.420Z] >>> [apiv2][query] GET https://firebasehosting.googleapis.com/v1beta1/projects/delhai-database/sites 
[debug] [2025-04-18T13:25:27.312Z] *** [apiv2] error from fetch(https://firebasehosting.googleapis.com/v1beta1/projects/delhai-database/sites, {"headers":{},"method":"GET"}): FetchError: request to https://firebasehosting.googleapis.com/v1beta1/projects/delhai-database/sites failed, reason: Client network socket disconnected before secure TLS connection was established
[debug] [2025-04-18T13:25:27.315Z] Failed to list hosting sites
[debug] Failed to make request to https://firebasehosting.googleapis.com/v1beta1/projects/delhai-database/sites
[debug] [2025-04-18T13:25:27.318Z] Checked if tokens are valid: true, expires at: 1744985835304
[debug] [2025-04-18T13:25:27.319Z] Checked if tokens are valid: true, expires at: 1744985835304
[debug] [2025-04-18T13:25:27.320Z] >>> [apiv2][query] GET https://firebase.googleapis.com/v1beta1/projects/delhai-database/webApps/-/config [none]
[debug] [2025-04-18T13:25:31.317Z] <<< [apiv2][status] GET https://firebase.googleapis.com/v1beta1/projects/delhai-database/webApps/-/config 200
[debug] [2025-04-18T13:25:31.319Z] <<< [apiv2][body] GET https://firebase.googleapis.com/v1beta1/projects/delhai-database/webApps/-/config {"projectId":"delhai-database","appId":"1:719302477505:web:8ae03608f25b90d7e83640","databaseURL":"https://delhai-database-default-rtdb.firebaseio.com","storageBucket":"delhai-database.appspot.com","locationId":"us-central","apiKey":"AIzaSyAm6_V2n5ArhWDNMqWThKY9IS2NLi_O4X4","authDomain":"delhai-database.firebaseapp.com","messagingSenderId":"719302477505","measurementId":"G-PYSLZ5KZLZ"}
[debug] [2025-04-18T13:25:31.364Z] Checked if tokens are valid: true, expires at: 1744985835304
[debug] [2025-04-18T13:25:31.365Z] Checked if tokens are valid: true, expires at: 1744985835304
[debug] [2025-04-18T13:25:31.366Z] >>> [apiv2][query] GET https://firebase.googleapis.com/v1beta1/projects/delhai-database [none]
[debug] [2025-04-18T13:25:35.307Z] <<< [apiv2][status] GET https://firebase.googleapis.com/v1beta1/projects/delhai-database 200
[debug] [2025-04-18T13:25:35.308Z] <<< [apiv2][body] GET https://firebase.googleapis.com/v1beta1/projects/delhai-database {"projectId":"delhai-database","projectNumber":"719302477505","displayName":"Delhai-Database","name":"projects/delhai-database","resources":{"hostingSite":"delhai-database","realtimeDatabaseInstance":"delhai-database-default-rtdb","locationId":"us-central"},"state":"ACTIVE","etag":"1_06035f3f-7d99-4a17-959a-13313842e035"}
[info] i  hosting[delhai-database]: Serving hosting files from: build {"metadata":{"emulator":{"name":"hosting"},"message":"Serving hosting files from: \u001b[1mbuild\u001b[22m"}}
[info] +  hosting[delhai-database]: Local server: http://127.0.0.1:5000 {"metadata":{"emulator":{"name":"hosting"},"message":"Local server: \u001b[4m\u001b[1mhttp://127.0.0.1:5000\u001b[22m\u001b[24m"}}
[debug] [2025-04-18T13:25:35.470Z] [Extensions] Connecting Extensions emulator, this is a noop.
[info] i  functions: Watching "D:\delhai\system\functions" for Cloud Functions... {"metadata":{"emulator":{"name":"functions"},"message":"Watching \"D:\\delhai\\system\\functions\" for Cloud Functions..."}}
[debug] [2025-04-18T13:25:35.500Z] Validating nodejs source
[debug] [2025-04-18T13:25:45.683Z] checkFunctionsSDKVersion was unable to fetch information from NPM Error: spawnSync C:\WINDOWS\system32\cmd.exe ETIMEDOUT
    at Object.spawnSync (node:internal/child_process:1120:20)
    at Object.spawnSync (node:child_process:868:24)
    at Function.spawnSync [as sync] (C:\Users\WANG\AppData\Roaming\npm\node_modules\firebase-tools\node_modules\cross-spawn\index.js:26:23)
    at Object.getLatestSDKVersion (C:\Users\WANG\AppData\Roaming\npm\node_modules\firebase-tools\lib\deploy\functions\runtimes\node\versioning.js:54:25)
    at Object.checkFunctionsSDKVersion (C:\Users\WANG\AppData\Roaming\npm\node_modules\firebase-tools\lib\deploy\functions\runtimes\node\versioning.js:74:32)
    at Delegate.validate (C:\Users\WANG\AppData\Roaming\npm\node_modules\firebase-tools\lib\deploy\functions\runtimes\node\index.js:86:20)
    at FunctionsEmulator.discoverTriggers (C:\Users\WANG\AppData\Roaming\npm\node_modules\firebase-tools\lib\emulator\functionsEmulator.js:331:35)
    at async FunctionsEmulator.loadTriggers (C:\Users\WANG\AppData\Roaming\npm\node_modules\firebase-tools\lib\emulator\functionsEmulator.js:371:34)
    at async FunctionsEmulator.connect (C:\Users\WANG\AppData\Roaming\npm\node_modules\firebase-tools\lib\emulator\functionsEmulator.js:297:13)
    at async Object.startAll (C:\Users\WANG\AppData\Roaming\npm\node_modules\firebase-tools\lib\emulator\controller.js:671:13)
[debug] [2025-04-18T13:25:45.686Z] > [functions] package.json contents: {
  "name": "functions",
  "description": "Cloud Functions for Firebase",
  "scripts": {
    "serve": "firebase emulators:start --only functions",
    "shell": "firebase functions:shell",
    "start": "npm run shell",
    "deploy": "firebase deploy --only functions",
    "logs": "firebase functions:log"
  },
  "engines": {
    "node": "22"
  },
  "main": "index.js",
  "dependencies": {
    "axios": "^1.8.4",
    "firebase-admin": "^12.6.0",
    "firebase-functions": "^6.0.1"
  },
  "devDependencies": {
    "firebase-functions-test": "^3.1.0"
  },
  "private": true
}
[debug] [2025-04-18T13:25:45.688Z] Building nodejs source
[debug] [2025-04-18T13:25:45.690Z] Failed to find version of module node: reached end of search path D:\delhai\system\functions\node_modules
[info] +  functions: Using node@22 from host. 
[debug] [2025-04-18T13:25:45.705Z] Could not find functions.yaml. Must use http discovery
[debug] [2025-04-18T13:25:45.852Z] Found firebase-functions binary at 'D:\delhai\system\functions\node_modules\.bin\firebase-functions'
